<?xml version="1.0" encoding="UTF-8"?>
<!-- Generated by org.testng.reporters.JUnitReportReporter -->
<testsuite hostname="DESKTOP-5MRB8C9" failures="0" tests="1" name="testCases.TC002Test" time="6.396" errors="0" timestamp="2025-01-22T07:20:53 IST" skipped="0">
  <testcase classname="testCases.TC002Test" name="launchApplication" time="6.396"/>
</testsuite> <!-- testCases.TC002Test -->
